<?xml version="1.0" encoding="UTF-8" ?>
<testsuite tests="15" failures="0" name="TestSuite" time="4.145" errors="0" skipped="0">
  <properties>
[...]
</properties>
  <testcase classname="gov.nasa.jpf.constraints.expressions.functions.math.FunctionAxiomsTest" name="printAxiomsSin" time="1.074"/>
  <testcase classname="gov.nasa.jpf.constraints.expressions.functions.math.FunctionAxiomsTest" name="testAtan2" time="1.436"/>
  <testcase classname="gov.nasa.jpf.constraints.expressions.functions.math.FunctionAxiomsTest" name="testLogExp" time="0.34"/>
  <testcase classname="gov.nasa.jpf.constraints.expressions.functions.math.FunctionAxiomsTest" name="testSqrt" time="0.286"/>
  <testcase classname="gov.nasa.jpf.constraints.expressions.IfThenElseTest" name="testIfThenElse" time="0.156"/>
  <testcase classname="gov.nasa.jpf.constraints.expressions.functions.math.IntegerFunctionTest" name="testIntegerFunction" time="0.035"/>
  <testcase classname="gov.nasa.jpf.constraints.expressions.functions.math.MathFunctionsTest" name="testAcos" time="0"/>
  <testcase classname="gov.nasa.jpf.constraints.expressions.functions.math.MathFunctionsTest" name="testAsin" time="0"/>
  <testcase classname="gov.nasa.jpf.constraints.expressions.functions.math.MathFunctionsTest" name="testAtan" time="0"/>
  <testcase classname="gov.nasa.jpf.constraints.expressions.functions.math.MathFunctionsTest" name="testCos" time="0"/>
  <testcase classname="gov.nasa.jpf.constraints.expressions.functions.math.MathFunctionsTest" name="testSin" time="0"/>
  <testcase classname="gov.nasa.jpf.constraints.expressions.functions.math.MathFunctionsTest" name="testTan" time="0"/>
  <testcase classname="gov.nasa.jpf.constraints.parser.ParserTest" name="testParser" time="0.157"/>
  <testcase classname="gov.nasa.jpf.constraints.expressions.PrintTest" name="testMalformedPrint" time="0"/>
  <testcase classname="gov.nasa.jpf.constraints.expressions.PrintTest" name="testPrint" time="0"/>
</testsuite>