<?xml version="1.0" encoding="UTF-8"?>
<testng-results skipped="0" failed="0" total="15" passed="15">
  <reporter-output>
  </reporter-output>
  <suite name="Command line suite" duration-ms="354" started-at="2019-06-17T11:15:40Z" finished-at="2019-06-17T11:15:40Z">
    <groups>
    </groups>
    <test name="Command line test" duration-ms="354" started-at="2019-06-17T11:15:40Z" finished-at="2019-06-17T11:15:40Z">
      <class name="gov.nasa.jpf.constraints.expressions.functions.math.FunctionAxiomsTest">
        <test-method status="PASS" signature="printAxiomsSin()[pri:0, instance:gov.nasa.jpf.constraints.expressions.functions.math.FunctionAxiomsTest@59a6e353]" name="printAxiomsSin" duration-ms="40" started-at="2019-06-17T15:45:40Z" finished-at="2019-06-17T15:45:40Z">
          <reporter-output>
          </reporter-output>
        </test-method> <!-- printAxiomsSin -->
        <test-method status="PASS" signature="testAtan2()[pri:0, instance:gov.nasa.jpf.constraints.expressions.functions.math.FunctionAxiomsTest@59a6e353]" name="testAtan2" duration-ms="20" started-at="2019-06-17T15:45:40Z" finished-at="2019-06-17T15:45:40Z">
          <reporter-output>
          </reporter-output>
        </test-method> <!-- testAtan2 -->
        <test-method status="PASS" signature="testLogExp()[pri:0, instance:gov.nasa.jpf.constraints.expressions.functions.math.FunctionAxiomsTest@59a6e353]" name="testLogExp" duration-ms="3" started-at="2019-06-17T15:45:40Z" finished-at="2019-06-17T15:45:40Z">
          <reporter-output>
          </reporter-output>
        </test-method> <!-- testLogExp -->
        <test-method status="PASS" signature="testSqrt()[pri:0, instance:gov.nasa.jpf.constraints.expressions.functions.math.FunctionAxiomsTest@59a6e353]" name="testSqrt" duration-ms="9" started-at="2019-06-17T15:45:40Z" finished-at="2019-06-17T15:45:40Z">
          <reporter-output>
          </reporter-output>
        </test-method> <!-- testSqrt -->
      </class> <!-- gov.nasa.jpf.constraints.expressions.functions.math.FunctionAxiomsTest -->
      <class name="gov.nasa.jpf.constraints.expressions.functions.math.MathFunctionsTest">
        <test-method status="PASS" signature="testAcos()[pri:0, instance:gov.nasa.jpf.constraints.expressions.functions.math.MathFunctionsTest@511baa65]" name="testAcos" duration-ms="2" started-at="2019-06-17T15:45:40Z" finished-at="2019-06-17T15:45:40Z">
          <reporter-output>
          </reporter-output>
        </test-method> <!-- testAcos -->
        <test-method status="PASS" signature="testAsin()[pri:0, instance:gov.nasa.jpf.constraints.expressions.functions.math.MathFunctionsTest@511baa65]" name="testAsin" duration-ms="5" started-at="2019-06-17T15:45:40Z" finished-at="2019-06-17T15:45:40Z">
          <reporter-output>
          </reporter-output>
        </test-method> <!-- testAsin -->
        <test-method status="PASS" signature="testAtan()[pri:0, instance:gov.nasa.jpf.constraints.expressions.functions.math.MathFunctionsTest@511baa65]" name="testAtan" duration-ms="1" started-at="2019-06-17T15:45:40Z" finished-at="2019-06-17T15:45:40Z">
          <reporter-output>
          </reporter-output>
        </test-method> <!-- testAtan -->
        <test-method status="PASS" signature="testCos()[pri:0, instance:gov.nasa.jpf.constraints.expressions.functions.math.MathFunctionsTest@511baa65]" name="testCos" duration-ms="0" started-at="2019-06-17T15:45:40Z" finished-at="2019-06-17T15:45:40Z">
          <reporter-output>
          </reporter-output>
        </test-method> <!-- testCos -->
        <test-method status="PASS" signature="testSin()[pri:0, instance:gov.nasa.jpf.constraints.expressions.functions.math.MathFunctionsTest@511baa65]" name="testSin" duration-ms="5" started-at="2019-06-17T15:45:40Z" finished-at="2019-06-17T15:45:40Z">
          <reporter-output>
          </reporter-output>
        </test-method> <!-- testSin -->
        <test-method status="PASS" signature="testTan()[pri:0, instance:gov.nasa.jpf.constraints.expressions.functions.math.MathFunctionsTest@511baa65]" name="testTan" duration-ms="0" started-at="2019-06-17T15:45:40Z" finished-at="2019-06-17T15:45:40Z">
          <reporter-output>
          </reporter-output>
        </test-method> <!-- testTan -->
      </class> <!-- gov.nasa.jpf.constraints.expressions.functions.math.MathFunctionsTest -->
      <class name="gov.nasa.jpf.constraints.expressions.functions.math.IntegerFunctionTest">
        <test-method status="PASS" signature="setUpClass()[pri:0, instance:gov.nasa.jpf.constraints.expressions.functions.math.IntegerFunctionTest@30c7da1e]" name="setUpClass" is-config="true" duration-ms="0" started-at="2019-06-17T15:45:40Z" finished-at="2019-06-17T15:45:40Z">
          <reporter-output>
          </reporter-output>
        </test-method> <!-- setUpClass -->
        <test-method status="PASS" signature="testIntegerFunction()[pri:0, instance:gov.nasa.jpf.constraints.expressions.functions.math.IntegerFunctionTest@30c7da1e]" name="testIntegerFunction" duration-ms="1" started-at="2019-06-17T15:45:40Z" finished-at="2019-06-17T15:45:40Z">
          <reporter-output>
          </reporter-output>
        </test-method> <!-- testIntegerFunction -->
        <test-method status="PASS" signature="setUpMethod()[pri:0, instance:gov.nasa.jpf.constraints.expressions.functions.math.IntegerFunctionTest@30c7da1e]" name="setUpMethod" is-config="true" duration-ms="0" started-at="2019-06-17T15:45:40Z" finished-at="2019-06-17T15:45:40Z">
          <reporter-output>
          </reporter-output>
        </test-method> <!-- setUpMethod -->
        <test-method status="PASS" signature="tearDownMethod()[pri:0, instance:gov.nasa.jpf.constraints.expressions.functions.math.IntegerFunctionTest@30c7da1e]" name="tearDownMethod" is-config="true" duration-ms="1" started-at="2019-06-17T15:45:40Z" finished-at="2019-06-17T15:45:40Z">
          <reporter-output>
          </reporter-output>
        </test-method> <!-- tearDownMethod -->
        <test-method status="PASS" signature="tearDownClass()[pri:0, instance:gov.nasa.jpf.constraints.expressions.functions.math.IntegerFunctionTest@30c7da1e]" name="tearDownClass" is-config="true" duration-ms="0" started-at="2019-06-17T15:45:40Z" finished-at="2019-06-17T15:45:40Z">
          <reporter-output>
          </reporter-output>
        </test-method> <!-- tearDownClass -->
      </class> <!-- gov.nasa.jpf.constraints.expressions.functions.math.IntegerFunctionTest -->
      <class name="gov.nasa.jpf.constraints.expressions.IfThenElseTest">
        <test-method status="PASS" signature="testIfThenElse()[pri:0, instance:gov.nasa.jpf.constraints.expressions.IfThenElseTest@5b464ce8]" name="testIfThenElse" duration-ms="6" started-at="2019-06-17T15:45:40Z" finished-at="2019-06-17T15:45:40Z">
          <reporter-output>
          </reporter-output>
        </test-method> <!-- testIfThenElse -->
      </class> <!-- gov.nasa.jpf.constraints.expressions.IfThenElseTest -->
      <class name="gov.nasa.jpf.constraints.parser.ParserTest">
        <test-method status="PASS" signature="testParser()[pri:0, instance:gov.nasa.jpf.constraints.parser.ParserTest@340f438e]" name="testParser" duration-ms="164" started-at="2019-06-17T15:45:40Z" finished-at="2019-06-17T15:45:40Z">
          <reporter-output>
          </reporter-output>
        </test-method> <!-- testParser -->
      </class> <!-- gov.nasa.jpf.constraints.parser.ParserTest -->
      <class name="gov.nasa.jpf.constraints.expressions.PrintTest">
        <test-method status="PASS" signature="setupExpression()[pri:0, instance:gov.nasa.jpf.constraints.expressions.PrintTest@1cd072a9]" name="setupExpression" is-config="true" duration-ms="32" started-at="2019-06-17T15:45:40Z" finished-at="2019-06-17T15:45:40Z">
          <reporter-output>
          </reporter-output>
        </test-method> <!-- setupExpression -->
        <test-method status="PASS" signature="testMalformedPrint()[pri:0, instance:gov.nasa.jpf.constraints.expressions.PrintTest@1cd072a9]" name="testMalformedPrint" duration-ms="1" started-at="2019-06-17T15:45:40Z" finished-at="2019-06-17T15:45:40Z">
          <reporter-output>
          </reporter-output>
        </test-method> <!-- testMalformedPrint -->
        <test-method status="PASS" signature="testPrint()[pri:0, instance:gov.nasa.jpf.constraints.expressions.PrintTest@1cd072a9]" name="testPrint" duration-ms="12" started-at="2019-06-17T15:45:40Z" finished-at="2019-06-17T15:45:40Z">
          <exception class="java.lang.NullPointerException">
            <full-stacktrace>
              <![CDATA[java.lang.NullPointerException
	at gov.nasa.jpf.constraints.expressions.NumericBooleanExpression.print(NumericBooleanExpression.java:132)
	at gov.nasa.jpf.constraints.expressions.PropositionalCompound.print(PropositionalCompound.java:97)
	at gov.nasa.jpf.constraints.api.Expression.print(Expression.java:122)
	at gov.nasa.jpf.constraints.expressions.PrintTest.testPrint(PrintTest.java:57)
	at sun.reflect.NativeMethodAccessorImpl.invoke0(Native Method)
	at sun.reflect.NativeMethodAccessorImpl.invoke(NativeMethodAccessorImpl.java:62)
	at sun.reflect.DelegatingMethodAccessorImpl.invoke(DelegatingMethodAccessorImpl.java:43)
	at java.lang.reflect.Method.invoke(Method.java:498)
	at org.testng.internal.MethodInvocationHelper.invokeMethod(MethodInvocationHelper.java:80)
	at org.testng.internal.Invoker.invokeMethod(Invoker.java:714)
	at org.testng.internal.Invoker.invokeTestMethod(Invoker.java:901)
	at org.testng.internal.Invoker.invokeTestMethods(Invoker.java:1231)
	at org.testng.internal.TestMethodWorker.invokeTestMethods(TestMethodWorker.java:127)
	at org.testng.internal.TestMethodWorker.run(TestMethodWorker.java:111)
	at org.testng.TestRunner.privateRun(TestRunner.java:767)
	at org.testng.TestRunner.run(TestRunner.java:617)
	at org.testng.SuiteRunner.runTest(SuiteRunner.java:334)
	at org.testng.SuiteRunner.runSequentially(SuiteRunner.java:329)
	at org.testng.SuiteRunner.privateRun(SuiteRunner.java:291)
	at org.testng.SuiteRunner.run(SuiteRunner.java:240)
	at org.testng.SuiteRunnerWorker.runSuite(SuiteRunnerWorker.java:52)
	at org.testng.SuiteRunnerWorker.run(SuiteRunnerWorker.java:86)
	at org.testng.TestNG.runSuitesSequentially(TestNG.java:1198)
	at org.testng.TestNG.runSuitesLocally(TestNG.java:1123)
	at org.testng.TestNG.run(TestNG.java:1031)
	at org.apache.maven.surefire.testng.TestNGExecutor.run(TestNGExecutor.java:70)
	at org.apache.maven.surefire.testng.TestNGDirectoryTestSuite.executeMulti(TestNGDirectoryTestSuite.java:158)
	at org.apache.maven.surefire.testng.TestNGDirectoryTestSuite.execute(TestNGDirectoryTestSuite.java:98)
	at org.apache.maven.surefire.testng.TestNGProvider.invoke(TestNGProvider.java:111)
	at sun.reflect.NativeMethodAccessorImpl.invoke0(Native Method)
	at sun.reflect.NativeMethodAccessorImpl.invoke(NativeMethodAccessorImpl.java:62)
	at sun.reflect.DelegatingMethodAccessorImpl.invoke(DelegatingMethodAccessorImpl.java:43)
	at java.lang.reflect.Method.invoke(Method.java:498)
	at org.apache.maven.surefire.util.ReflectionUtils.invokeMethodWithArray(ReflectionUtils.java:164)
	at org.apache.maven.surefire.booter.ProviderFactory$ProviderProxy.invoke(ProviderFactory.java:110)
	at org.apache.maven.surefire.booter.SurefireStarter.invokeProvider(SurefireStarter.java:175)
	at org.apache.maven.surefire.booter.SurefireStarter.runSuitesInProcessWhenForked(SurefireStarter.java:107)
	at org.apache.maven.surefire.booter.ForkedBooter.main(ForkedBooter.java:68)
]]>
            </full-stacktrace>
          </exception> <!-- java.lang.NullPointerException -->
          <reporter-output>
          </reporter-output>
        </test-method> <!-- testPrint -->
      </class> <!-- gov.nasa.jpf.constraints.expressions.PrintTest -->
    </test> <!-- Command line test -->
  </suite> <!-- Command line suite -->
</testng-results>
