<?xml version="1.0" encoding="UTF-8"?>
<!-- Generated by org.testng.reporters.JUnitReportReporter -->
<testsuite hostname="ubuntu" name="gov.nasa.jpf.constraints.expressions.functions.math.MathFunctionsTest" tests="6" failures="0" timestamp="17 Jun 2019 11:15:40 GMT" time="0.013" errors="0">
  <testcase name="testAcos" time="0.002" classname="gov.nasa.jpf.constraints.expressions.functions.math.MathFunctionsTest"/>
  <testcase name="testTan" time="0.000" classname="gov.nasa.jpf.constraints.expressions.functions.math.MathFunctionsTest"/>
  <testcase name="testAtan" time="0.001" classname="gov.nasa.jpf.constraints.expressions.functions.math.MathFunctionsTest"/>
  <testcase name="testAsin" time="0.005" classname="gov.nasa.jpf.constraints.expressions.functions.math.MathFunctionsTest"/>
  <testcase name="testCos" time="0.000" classname="gov.nasa.jpf.constraints.expressions.functions.math.MathFunctionsTest"/>
  <testcase name="testSin" time="0.005" classname="gov.nasa.jpf.constraints.expressions.functions.math.MathFunctionsTest"/>
</testsuite> <!-- gov.nasa.jpf.constraints.expressions.functions.math.MathFunctionsTest -->
