<?xml version="1.0" encoding="UTF-8"?>
<!-- Generated by org.testng.reporters.JUnitXMLReporter -->
<testsuite hostname="ubuntu" name="Command line test" tests="10" failures="0" timestamp="17 Jun 2019 11:29:52 GMT" time="8.413" errors="0">
  <testcase name="testToString" time="0.837" classname="gov.nasa.jpf.constraints.expressions.ContextTest"/>
  <testcase name="testExpressionConversion" time="0.001" classname="gov.nasa.jpf.constraints.solver.ExpressionConversionTest"/>
  <testcase name="expressionTest" time="0.214" classname="gov.nasa.jpf.constraints.expressions.ExpressionZ3BVTest"/>
  <testcase name="expressionTest" time="0.178" classname="gov.nasa.jpf.constraints.expressions.ExpressionZ3Test"/>
  <testcase name="testIntegerFunction" time="0.019" classname="gov.nasa.jpf.constraints.expressions.IntegerTest"/>
  <testcase name="eliminationTest" time="0.068" classname="gov.nasa.jpf.constraints.solver.QuantifierEliminationTest"/>
  <testcase name="testAtan2" time="5.966" classname="gov.nasa.jpf.constraints.expressions.TrigonometricTest"/>
  <testcase name="testCoral1" time="0.694" classname="gov.nasa.jpf.constraints.expressions.TrigonometricTest"/>
  <testcase name="testCoral2" time="0.216" classname="gov.nasa.jpf.constraints.expressions.TrigonometricTest"/>
  <testcase name="testTrigonometrics" time="0.178" classname="gov.nasa.jpf.constraints.expressions.TrigonometricTest"/>
</testsuite> <!-- Command line test -->
