<?xml version="1.0" encoding="UTF-8"?>
<!-- Generated by org.testng.reporters.JUnitXMLReporter -->
<testsuite hostname="ubuntu" name="Command line test" tests="15" failures="0" timestamp="17 Jun 2019 11:15:40 GMT" time="0.354" errors="0">
  <testcase name="printAxiomsSin" time="0.04" classname="gov.nasa.jpf.constraints.expressions.functions.math.FunctionAxiomsTest"/>
  <testcase name="testAtan2" time="0.02" classname="gov.nasa.jpf.constraints.expressions.functions.math.FunctionAxiomsTest"/>
  <testcase name="testLogExp" time="0.003" classname="gov.nasa.jpf.constraints.expressions.functions.math.FunctionAxiomsTest"/>
  <testcase name="testSqrt" time="0.009" classname="gov.nasa.jpf.constraints.expressions.functions.math.FunctionAxiomsTest"/>
  <testcase name="testIfThenElse" time="0.006" classname="gov.nasa.jpf.constraints.expressions.IfThenElseTest"/>
  <testcase name="testIntegerFunction" time="0.001" classname="gov.nasa.jpf.constraints.expressions.functions.math.IntegerFunctionTest"/>
  <testcase name="testAcos" time="0.002" classname="gov.nasa.jpf.constraints.expressions.functions.math.MathFunctionsTest"/>
  <testcase name="testAsin" time="0.005" classname="gov.nasa.jpf.constraints.expressions.functions.math.MathFunctionsTest"/>
  <testcase name="testAtan" time="0.001" classname="gov.nasa.jpf.constraints.expressions.functions.math.MathFunctionsTest"/>
  <testcase name="testCos" time="0.0" classname="gov.nasa.jpf.constraints.expressions.functions.math.MathFunctionsTest"/>
  <testcase name="testSin" time="0.005" classname="gov.nasa.jpf.constraints.expressions.functions.math.MathFunctionsTest"/>
  <testcase name="testTan" time="0.0" classname="gov.nasa.jpf.constraints.expressions.functions.math.MathFunctionsTest"/>
  <testcase name="testParser" time="0.164" classname="gov.nasa.jpf.constraints.parser.ParserTest"/>
  <testcase name="testMalformedPrint" time="0.001" classname="gov.nasa.jpf.constraints.expressions.PrintTest"/>
  <testcase name="testPrint" time="0.012" classname="gov.nasa.jpf.constraints.expressions.PrintTest"/>
</testsuite> <!-- Command line test -->
